Payment API accessed from IP
Payment API accessed from IP
Payment API accessed from IP
Payment API accessed from IP
Payment API accessed from IP
Payment API accessed from IP
Payment API accessed from IP
Payment API accessed from IP
Payment API accessed from IP
Payment API accessed from IP
Payment API accessed from IP
Payment API accessed from IP
Payment API accessed from IP
Payment API accessed from IP
Login attempt for username: lily
Login attempt for username: lily
Login attempt for username: lily
Login attempt for username: lily
Login attempt for username: lily
Login attempt for username: lily
Login attempt for username: lily
Login attempt for username: lily
Login attempt for username: lily
Login attempt for username: lily
Login attempt for username: lily
Login attempt for username: lily
Login attempt for username: lily
Login attempt for username: lily
Login attempt for username: lily
Payment API accessed from IP
Login attempt for username: testuser
Failed login attempt for username: testuser (wrong password)
Login attempt for username: testuser
Failed login attempt for username: testuser (wrong password)
Login attempt for username: testuser
Failed login attempt for username: testuser (wrong password)
Login attempt for username: testuser
Failed login attempt for username: testuser (wrong password)
Login attempt for username: testuser
Failed login attempt for username: testuser (wrong password)
Login attempt for username: finnah
Failed login attempt for username: finnah (user not found)
Login attempt for username: finnah
Failed login attempt for username: finnah (user not found)
Login attempt for username: finnah
Failed login attempt for username: finnah (user not found)
Login attempt for username: finnah
Failed login attempt for username: finnah (user not found)
Login attempt for username: finnah
Failed login attempt for username: finnah (user not found)
Login attempt for username: testuser
Login attempt for username: testuser
Login attempt for username: testuser
Login attempt for username: testuser
Login attempt for username: testuser
Payment record created for user: labuser
Login attempt for username: None
Failed login attempt for username: None
Login attempt for username: None
Failed login attempt for username: None
Login attempt for username: None
Failed login attempt for username: None
Login attempt for username: None
Failed login attempt for username: None
Login attempt for username: None
Failed login attempt for username: None
Payment record created for user: alice_wonder
Payment record created for user: bob_builder
Payment record created for user: bob_builder
Payment record created for user: charlie_chaplin
